app/build/intermediates/manifest_merge_blame_file/debug/manifest-merger-blame-debug-report.txt
1<?xml version="1.0" encoding="utf-8"?>
2<manifest xmlns:android="http://schemas.android.com/apk/res/android"
3    package="com.example.wakilink"
4    android:versionCode="1"
5    android:versionName="1.0" >
6
7    <uses-sdk
8        android:minSdkVersion="24"
9        android:targetSdkVersion="34" />
10
11    <uses-permission android:name="android.permission.INTERNET" />
11-->src\main\AndroidManifest.xml:6:5-67
11-->src\main\AndroidManifest.xml:6:22-64
12    <uses-permission android:name="android.permission.CAMERA" />
12-->src\main\AndroidManifest.xml:7:5-65
12-->src\main\AndroidManifest.xml:7:22-62
13    <uses-permission android:name="android.permission.ACCESS_FINE_LOCATION" />
13-->src\main\AndroidManifest.xml:8:5-79
13-->src\main\AndroidManifest.xml:8:22-76
14    <uses-permission android:name="android.permission.ACCESS_COARSE_LOCATION" />
14-->src\main\AndroidManifest.xml:9:5-81
14-->src\main\AndroidManifest.xml:9:22-78
15
16    <uses-feature android:name="android.hardware.camera" />
16-->src\main\AndroidManifest.xml:11:5-60
16-->src\main\AndroidManifest.xml:11:19-57
17    <uses-feature android:name="android.hardware.camera.autofocus" />
17-->src\main\AndroidManifest.xml:12:5-70
17-->src\main\AndroidManifest.xml:12:19-67
18
19    <uses-permission android:name="android.permission.ACCESS_NETWORK_STATE" />
19-->[com.google.firebase:firebase-auth:22.3.1] AndroidManifest.xml:26:5-79
19-->[com.google.firebase:firebase-auth:22.3.1] AndroidManifest.xml:26:22-76
20    <uses-permission android:name="com.google.android.providers.gsf.permission.READ_GSERVICES" />
20-->[com.google.android.recaptcha:recaptcha:18.4.0] AndroidManifest.xml:9:5-98
20-->[com.google.android.recaptcha:recaptcha:18.4.0] AndroidManifest.xml:9:22-95
21
22    <permission
22-->[androidx.core:core:1.12.0] AndroidManifest.xml:22:5-24:47
23        android:name="com.example.wakilink.DYNAMIC_RECEIVER_NOT_EXPORTED_PERMISSION"
23-->[androidx.core:core:1.12.0] AndroidManifest.xml:23:9-81
24        android:protectionLevel="signature" />
24-->[androidx.core:core:1.12.0] AndroidManifest.xml:24:9-44
25
26    <uses-permission android:name="com.example.wakilink.DYNAMIC_RECEIVER_NOT_EXPORTED_PERMISSION" />
26-->[androidx.core:core:1.12.0] AndroidManifest.xml:26:5-97
26-->[androidx.core:core:1.12.0] AndroidManifest.xml:26:22-94
27
28    <application
28-->src\main\AndroidManifest.xml:14:5-60:19
29        android:allowBackup="true"
29-->src\main\AndroidManifest.xml:15:9-35
30        android:appComponentFactory="androidx.core.app.CoreComponentFactory"
30-->[androidx.core:core:1.12.0] AndroidManifest.xml:28:18-86
31        android:dataExtractionRules="@xml/data_extraction_rules"
31-->src\main\AndroidManifest.xml:16:9-65
32        android:debuggable="true"
33        android:extractNativeLibs="false"
34        android:fullBackupContent="@xml/backup_rules"
34-->src\main\AndroidManifest.xml:17:9-54
35        android:icon="@mipmap/ic_launcher"
35-->src\main\AndroidManifest.xml:18:9-43
36        android:label="@string/app_name"
36-->src\main\AndroidManifest.xml:19:9-41
37        android:roundIcon="@mipmap/ic_launcher_round"
37-->src\main\AndroidManifest.xml:20:9-54
38        android:supportsRtl="true"
38-->src\main\AndroidManifest.xml:21:9-35
39        android:testOnly="true"
40        android:theme="@style/Theme.WakiLink" >
40-->src\main\AndroidManifest.xml:22:9-46
41        <activity
41-->src\main\AndroidManifest.xml:25:9-33:20
42            android:name="com.example.wakilink.MainActivity"
42-->src\main\AndroidManifest.xml:26:13-41
43            android:exported="true"
43-->src\main\AndroidManifest.xml:27:13-36
44            android:theme="@style/Theme.WakiLink" >
44-->src\main\AndroidManifest.xml:28:13-50
45            <intent-filter>
45-->src\main\AndroidManifest.xml:29:13-32:29
46                <action android:name="android.intent.action.MAIN" />
46-->src\main\AndroidManifest.xml:30:17-69
46-->src\main\AndroidManifest.xml:30:25-66
47
48                <category android:name="android.intent.category.LAUNCHER" />
48-->src\main\AndroidManifest.xml:31:17-77
48-->src\main\AndroidManifest.xml:31:27-74
49            </intent-filter>
50        </activity>
51        <activity
51-->src\main\AndroidManifest.xml:35:9-38:65
52            android:name="com.example.wakilink.LoginActivity"
52-->src\main\AndroidManifest.xml:36:13-42
53            android:exported="false"
53-->src\main\AndroidManifest.xml:37:13-37
54            android:theme="@style/Theme.WakiLink.NoActionBar" />
54-->src\main\AndroidManifest.xml:38:13-62
55        <activity
55-->src\main\AndroidManifest.xml:40:9-43:65
56            android:name="com.example.wakilink.ChatHistoryActivity"
56-->src\main\AndroidManifest.xml:41:13-48
57            android:exported="false"
57-->src\main\AndroidManifest.xml:42:13-37
58            android:theme="@style/Theme.WakiLink.NoActionBar" />
58-->src\main\AndroidManifest.xml:43:13-62
59        <activity
59-->src\main\AndroidManifest.xml:45:9-48:65
60            android:name="com.example.wakilink.DashboardActivity"
60-->src\main\AndroidManifest.xml:46:13-46
61            android:exported="false"
61-->src\main\AndroidManifest.xml:47:13-37
62            android:theme="@style/Theme.WakiLink.NoActionBar" />
62-->src\main\AndroidManifest.xml:48:13-62
63        <activity
63-->src\main\AndroidManifest.xml:50:9-53:65
64            android:name="com.example.wakilink.RegisterActivity"
64-->src\main\AndroidManifest.xml:51:13-45
65            android:exported="false"
65-->src\main\AndroidManifest.xml:52:13-37
66            android:theme="@style/Theme.WakiLink.NoActionBar" />
66-->src\main\AndroidManifest.xml:53:13-62
67        <activity
67-->src\main\AndroidManifest.xml:55:9-58:65
68            android:name="com.example.wakilink.MenuActivity"
68-->src\main\AndroidManifest.xml:56:13-41
69            android:exported="false"
69-->src\main\AndroidManifest.xml:57:13-37
70            android:theme="@style/Theme.WakiLink.NoActionBar" />
70-->src\main\AndroidManifest.xml:58:13-62
71
72        <service
72-->[androidx.camera:camera-camera2:1.3.1] AndroidManifest.xml:24:9-33:19
73            android:name="androidx.camera.core.impl.MetadataHolderService"
73-->[androidx.camera:camera-camera2:1.3.1] AndroidManifest.xml:25:13-75
74            android:enabled="false"
74-->[androidx.camera:camera-camera2:1.3.1] AndroidManifest.xml:26:13-36
75            android:exported="false" >
75-->[androidx.camera:camera-camera2:1.3.1] AndroidManifest.xml:27:13-37
76            <meta-data
76-->[androidx.camera:camera-camera2:1.3.1] AndroidManifest.xml:30:13-32:89
77                android:name="androidx.camera.core.impl.MetadataHolderService.DEFAULT_CONFIG_PROVIDER"
77-->[androidx.camera:camera-camera2:1.3.1] AndroidManifest.xml:31:17-103
78                android:value="androidx.camera.camera2.Camera2Config$DefaultProvider" />
78-->[androidx.camera:camera-camera2:1.3.1] AndroidManifest.xml:32:17-86
79        </service>
80        <service
80-->[com.google.firebase:firebase-auth-ktx:22.3.1] AndroidManifest.xml:8:9-14:19
81            android:name="com.google.firebase.components.ComponentDiscoveryService"
81-->[com.google.firebase:firebase-auth-ktx:22.3.1] AndroidManifest.xml:9:13-84
82            android:directBootAware="true"
82-->[com.google.firebase:firebase-common:20.4.2] AndroidManifest.xml:32:13-43
83            android:exported="false" >
83-->[com.google.firebase:firebase-auth-ktx:22.3.1] AndroidManifest.xml:10:13-37
84            <meta-data
84-->[com.google.firebase:firebase-auth-ktx:22.3.1] AndroidManifest.xml:11:13-13:85
85                android:name="com.google.firebase.components:com.google.firebase.auth.ktx.FirebaseAuthLegacyRegistrar"
85-->[com.google.firebase:firebase-auth-ktx:22.3.1] AndroidManifest.xml:12:17-119
86                android:value="com.google.firebase.components.ComponentRegistrar" />
86-->[com.google.firebase:firebase-auth-ktx:22.3.1] AndroidManifest.xml:13:17-82
87            <meta-data
87-->[com.google.firebase:firebase-auth:22.3.1] AndroidManifest.xml:69:13-71:85
88                android:name="com.google.firebase.components:com.google.firebase.auth.FirebaseAuthRegistrar"
88-->[com.google.firebase:firebase-auth:22.3.1] AndroidManifest.xml:70:17-109
89                android:value="com.google.firebase.components.ComponentRegistrar" />
89-->[com.google.firebase:firebase-auth:22.3.1] AndroidManifest.xml:71:17-82
90            <meta-data
90-->[com.google.firebase:firebase-firestore-ktx:24.10.2] AndroidManifest.xml:12:13-14:85
91                android:name="com.google.firebase.components:com.google.firebase.firestore.ktx.FirebaseFirestoreLegacyRegistrar"
91-->[com.google.firebase:firebase-firestore-ktx:24.10.2] AndroidManifest.xml:13:17-129
92                android:value="com.google.firebase.components.ComponentRegistrar" />
92-->[com.google.firebase:firebase-firestore-ktx:24.10.2] AndroidManifest.xml:14:17-82
93            <meta-data
93-->[com.google.firebase:firebase-firestore:24.10.2] AndroidManifest.xml:17:13-19:85
94                android:name="com.google.firebase.components:com.google.firebase.firestore.FirebaseFirestoreKtxRegistrar"
94-->[com.google.firebase:firebase-firestore:24.10.2] AndroidManifest.xml:18:17-122
95                android:value="com.google.firebase.components.ComponentRegistrar" />
95-->[com.google.firebase:firebase-firestore:24.10.2] AndroidManifest.xml:19:17-82
96            <meta-data
96-->[com.google.firebase:firebase-firestore:24.10.2] AndroidManifest.xml:20:13-22:85
97                android:name="com.google.firebase.components:com.google.firebase.firestore.FirestoreRegistrar"
97-->[com.google.firebase:firebase-firestore:24.10.2] AndroidManifest.xml:21:17-111
98                android:value="com.google.firebase.components.ComponentRegistrar" />
98-->[com.google.firebase:firebase-firestore:24.10.2] AndroidManifest.xml:22:17-82
99            <meta-data
99-->[com.google.firebase:firebase-common-ktx:20.4.2] AndroidManifest.xml:12:13-14:85
100                android:name="com.google.firebase.components:com.google.firebase.ktx.FirebaseCommonLegacyRegistrar"
100-->[com.google.firebase:firebase-common-ktx:20.4.2] AndroidManifest.xml:13:17-116
101                android:value="com.google.firebase.components.ComponentRegistrar" />
101-->[com.google.firebase:firebase-common-ktx:20.4.2] AndroidManifest.xml:14:17-82
102            <meta-data
102-->[com.google.firebase:firebase-common:20.4.2] AndroidManifest.xml:35:13-37:85
103                android:name="com.google.firebase.components:com.google.firebase.FirebaseCommonKtxRegistrar"
103-->[com.google.firebase:firebase-common:20.4.2] AndroidManifest.xml:36:17-109
104                android:value="com.google.firebase.components.ComponentRegistrar" />
104-->[com.google.firebase:firebase-common:20.4.2] AndroidManifest.xml:37:17-82
105        </service>
106
107        <activity
107-->[com.google.firebase:firebase-auth:22.3.1] AndroidManifest.xml:29:9-46:20
108            android:name="com.google.firebase.auth.internal.GenericIdpActivity"
108-->[com.google.firebase:firebase-auth:22.3.1] AndroidManifest.xml:30:13-80
109            android:excludeFromRecents="true"
109-->[com.google.firebase:firebase-auth:22.3.1] AndroidManifest.xml:31:13-46
110            android:exported="true"
110-->[com.google.firebase:firebase-auth:22.3.1] AndroidManifest.xml:32:13-36
111            android:launchMode="singleTask"
111-->[com.google.firebase:firebase-auth:22.3.1] AndroidManifest.xml:33:13-44
112            android:theme="@android:style/Theme.Translucent.NoTitleBar" >
112-->[com.google.firebase:firebase-auth:22.3.1] AndroidManifest.xml:34:13-72
113            <intent-filter>
113-->[com.google.firebase:firebase-auth:22.3.1] AndroidManifest.xml:35:13-45:29
114                <action android:name="android.intent.action.VIEW" />
114-->[com.google.firebase:firebase-auth:22.3.1] AndroidManifest.xml:36:17-69
114-->[com.google.firebase:firebase-auth:22.3.1] AndroidManifest.xml:36:25-66
115
116                <category android:name="android.intent.category.DEFAULT" />
116-->[com.google.firebase:firebase-auth:22.3.1] AndroidManifest.xml:38:17-76
116-->[com.google.firebase:firebase-auth:22.3.1] AndroidManifest.xml:38:27-73
117                <category android:name="android.intent.category.BROWSABLE" />
117-->[com.google.firebase:firebase-auth:22.3.1] AndroidManifest.xml:39:17-78
117-->[com.google.firebase:firebase-auth:22.3.1] AndroidManifest.xml:39:27-75
118
119                <data
119-->[com.google.firebase:firebase-auth:22.3.1] AndroidManifest.xml:41:17-44:51
120                    android:host="firebase.auth"
120-->[com.google.firebase:firebase-auth:22.3.1] AndroidManifest.xml:42:21-49
121                    android:path="/"
121-->[com.google.firebase:firebase-auth:22.3.1] AndroidManifest.xml:43:21-37
122                    android:scheme="genericidp" />
122-->[com.google.firebase:firebase-auth:22.3.1] AndroidManifest.xml:44:21-48
123            </intent-filter>
124        </activity>
125        <activity
125-->[com.google.firebase:firebase-auth:22.3.1] AndroidManifest.xml:47:9-64:20
126            android:name="com.google.firebase.auth.internal.RecaptchaActivity"
126-->[com.google.firebase:firebase-auth:22.3.1] AndroidManifest.xml:48:13-79
127            android:excludeFromRecents="true"
127-->[com.google.firebase:firebase-auth:22.3.1] AndroidManifest.xml:49:13-46
128            android:exported="true"
128-->[com.google.firebase:firebase-auth:22.3.1] AndroidManifest.xml:50:13-36
129            android:launchMode="singleTask"
129-->[com.google.firebase:firebase-auth:22.3.1] AndroidManifest.xml:51:13-44
130            android:theme="@android:style/Theme.Translucent.NoTitleBar" >
130-->[com.google.firebase:firebase-auth:22.3.1] AndroidManifest.xml:52:13-72
131            <intent-filter>
131-->[com.google.firebase:firebase-auth:22.3.1] AndroidManifest.xml:53:13-63:29
132                <action android:name="android.intent.action.VIEW" />
132-->[com.google.firebase:firebase-auth:22.3.1] AndroidManifest.xml:36:17-69
132-->[com.google.firebase:firebase-auth:22.3.1] AndroidManifest.xml:36:25-66
133
134                <category android:name="android.intent.category.DEFAULT" />
134-->[com.google.firebase:firebase-auth:22.3.1] AndroidManifest.xml:38:17-76
134-->[com.google.firebase:firebase-auth:22.3.1] AndroidManifest.xml:38:27-73
135                <category android:name="android.intent.category.BROWSABLE" />
135-->[com.google.firebase:firebase-auth:22.3.1] AndroidManifest.xml:39:17-78
135-->[com.google.firebase:firebase-auth:22.3.1] AndroidManifest.xml:39:27-75
136
137                <data
137-->[com.google.firebase:firebase-auth:22.3.1] AndroidManifest.xml:41:17-44:51
138                    android:host="firebase.auth"
138-->[com.google.firebase:firebase-auth:22.3.1] AndroidManifest.xml:42:21-49
139                    android:path="/"
139-->[com.google.firebase:firebase-auth:22.3.1] AndroidManifest.xml:43:21-37
140                    android:scheme="recaptcha" />
140-->[com.google.firebase:firebase-auth:22.3.1] AndroidManifest.xml:44:21-48
141            </intent-filter>
142        </activity>
143
144        <provider
144-->[com.google.firebase:firebase-common:20.4.2] AndroidManifest.xml:23:9-28:39
145            android:name="com.google.firebase.provider.FirebaseInitProvider"
145-->[com.google.firebase:firebase-common:20.4.2] AndroidManifest.xml:24:13-77
146            android:authorities="com.example.wakilink.firebaseinitprovider"
146-->[com.google.firebase:firebase-common:20.4.2] AndroidManifest.xml:25:13-72
147            android:directBootAware="true"
147-->[com.google.firebase:firebase-common:20.4.2] AndroidManifest.xml:26:13-43
148            android:exported="false"
148-->[com.google.firebase:firebase-common:20.4.2] AndroidManifest.xml:27:13-37
149            android:initOrder="100" />
149-->[com.google.firebase:firebase-common:20.4.2] AndroidManifest.xml:28:13-36
150        <provider
150-->[androidx.emoji2:emoji2:1.2.0] AndroidManifest.xml:24:9-32:20
151            android:name="androidx.startup.InitializationProvider"
151-->[androidx.emoji2:emoji2:1.2.0] AndroidManifest.xml:25:13-67
152            android:authorities="com.example.wakilink.androidx-startup"
152-->[androidx.emoji2:emoji2:1.2.0] AndroidManifest.xml:26:13-68
153            android:exported="false" >
153-->[androidx.emoji2:emoji2:1.2.0] AndroidManifest.xml:27:13-37
154            <meta-data
154-->[androidx.emoji2:emoji2:1.2.0] AndroidManifest.xml:29:13-31:52
155                android:name="androidx.emoji2.text.EmojiCompatInitializer"
155-->[androidx.emoji2:emoji2:1.2.0] AndroidManifest.xml:30:17-75
156                android:value="androidx.startup" />
156-->[androidx.emoji2:emoji2:1.2.0] AndroidManifest.xml:31:17-49
157            <meta-data
157-->[androidx.lifecycle:lifecycle-process:2.7.0] AndroidManifest.xml:29:13-31:52
158                android:name="androidx.lifecycle.ProcessLifecycleInitializer"
158-->[androidx.lifecycle:lifecycle-process:2.7.0] AndroidManifest.xml:30:17-78
159                android:value="androidx.startup" />
159-->[androidx.lifecycle:lifecycle-process:2.7.0] AndroidManifest.xml:31:17-49
160            <meta-data
160-->[androidx.profileinstaller:profileinstaller:1.3.0] AndroidManifest.xml:29:13-31:52
161                android:name="androidx.profileinstaller.ProfileInstallerInitializer"
161-->[androidx.profileinstaller:profileinstaller:1.3.0] AndroidManifest.xml:30:17-85
162                android:value="androidx.startup" />
162-->[androidx.profileinstaller:profileinstaller:1.3.0] AndroidManifest.xml:31:17-49
163        </provider>
164
165        <activity
165-->[com.google.android.gms:play-services-base:18.0.1] AndroidManifest.xml:20:9-22:45
166            android:name="com.google.android.gms.common.api.GoogleApiActivity"
166-->[com.google.android.gms:play-services-base:18.0.1] AndroidManifest.xml:20:19-85
167            android:exported="false"
167-->[com.google.android.gms:play-services-base:18.0.1] AndroidManifest.xml:22:19-43
168            android:theme="@android:style/Theme.Translucent.NoTitleBar" />
168-->[com.google.android.gms:play-services-base:18.0.1] AndroidManifest.xml:21:19-78
169
170        <meta-data
170-->[com.google.android.gms:play-services-basement:18.1.0] AndroidManifest.xml:21:9-23:69
171            android:name="com.google.android.gms.version"
171-->[com.google.android.gms:play-services-basement:18.1.0] AndroidManifest.xml:22:13-58
172            android:value="@integer/google_play_services_version" />
172-->[com.google.android.gms:play-services-basement:18.1.0] AndroidManifest.xml:23:13-66
173
174        <uses-library
174-->[androidx.window:window:1.0.0] AndroidManifest.xml:25:9-27:40
175            android:name="androidx.window.extensions"
175-->[androidx.window:window:1.0.0] AndroidManifest.xml:26:13-54
176            android:required="false" />
176-->[androidx.window:window:1.0.0] AndroidManifest.xml:27:13-37
177        <uses-library
177-->[androidx.window:window:1.0.0] AndroidManifest.xml:28:9-30:40
178            android:name="androidx.window.sidecar"
178-->[androidx.window:window:1.0.0] AndroidManifest.xml:29:13-51
179            android:required="false" />
179-->[androidx.window:window:1.0.0] AndroidManifest.xml:30:13-37
180
181        <receiver
181-->[androidx.profileinstaller:profileinstaller:1.3.0] AndroidManifest.xml:34:9-52:20
182            android:name="androidx.profileinstaller.ProfileInstallReceiver"
182-->[androidx.profileinstaller:profileinstaller:1.3.0] AndroidManifest.xml:35:13-76
183            android:directBootAware="false"
183-->[androidx.profileinstaller:profileinstaller:1.3.0] AndroidManifest.xml:36:13-44
184            android:enabled="true"
184-->[androidx.profileinstaller:profileinstaller:1.3.0] AndroidManifest.xml:37:13-35
185            android:exported="true"
185-->[androidx.profileinstaller:profileinstaller:1.3.0] AndroidManifest.xml:38:13-36
186            android:permission="android.permission.DUMP" >
186-->[androidx.profileinstaller:profileinstaller:1.3.0] AndroidManifest.xml:39:13-57
187            <intent-filter>
187-->[androidx.profileinstaller:profileinstaller:1.3.0] AndroidManifest.xml:40:13-42:29
188                <action android:name="androidx.profileinstaller.action.INSTALL_PROFILE" />
188-->[androidx.profileinstaller:profileinstaller:1.3.0] AndroidManifest.xml:41:17-91
188-->[androidx.profileinstaller:profileinstaller:1.3.0] AndroidManifest.xml:41:25-88
189            </intent-filter>
190            <intent-filter>
190-->[androidx.profileinstaller:profileinstaller:1.3.0] AndroidManifest.xml:43:13-45:29
191                <action android:name="androidx.profileinstaller.action.SKIP_FILE" />
191-->[androidx.profileinstaller:profileinstaller:1.3.0] AndroidManifest.xml:44:17-85
191-->[androidx.profileinstaller:profileinstaller:1.3.0] AndroidManifest.xml:44:25-82
192            </intent-filter>
193            <intent-filter>
193-->[androidx.profileinstaller:profileinstaller:1.3.0] AndroidManifest.xml:46:13-48:29
194                <action android:name="androidx.profileinstaller.action.SAVE_PROFILE" />
194-->[androidx.profileinstaller:profileinstaller:1.3.0] AndroidManifest.xml:47:17-88
194-->[androidx.profileinstaller:profileinstaller:1.3.0] AndroidManifest.xml:47:25-85
195            </intent-filter>
196            <intent-filter>
196-->[androidx.profileinstaller:profileinstaller:1.3.0] AndroidManifest.xml:49:13-51:29
197                <action android:name="androidx.profileinstaller.action.BENCHMARK_OPERATION" />
197-->[androidx.profileinstaller:profileinstaller:1.3.0] AndroidManifest.xml:50:17-95
197-->[androidx.profileinstaller:profileinstaller:1.3.0] AndroidManifest.xml:50:25-92
198            </intent-filter>
199        </receiver>
200    </application>
201
202</manifest>